# JRE version: OpenJDK Runtime Environment (11.0.10+9) (build 11.0.10+9-Ubuntu-0ubuntu1.20.04)
# Java VM: OpenJDK 64-Bit Server VM (11.0.10+9-Ubuntu-0ubuntu1.20.04, mixed mode, sharing, tiered, compressed oops, g1 gc, linux-amd64)
Heap:
 garbage-first heap   total 34816K, used 20007K [0x00000000e0e00000, 0x0000000100000000)
  region size 1024K, 18 young (18432K), 3 survivors (3072K)
 Metaspace       used 10895K, capacity 12966K, committed 13184K, reserved 1060864K
  class space    used 1336K, capacity 1614K, committed 1664K, reserved 1048576K
GC Heap History (7 events):
Event: 2.938 GC heap before
{Heap before GC invocations=0 (full 0):
 garbage-first heap   total 34816K, used 14024K [0x00000000e0e00000, 0x0000000100000000)
  region size 1024K, 14 young (14336K), 0 survivors (0K)
 Metaspace       used 4038K, capacity 7025K, committed 7296K, reserved 1056768K
  class space    used 469K, capacity 792K, committed 896K, reserved 1048576K
}
Event: 2.963 GC heap after
{Heap after GC invocations=1 (full 0):
 garbage-first heap   total 34816K, used 3238K [0x00000000e0e00000, 0x0000000100000000)
  region size 1024K, 2 young (2048K), 2 survivors (2048K)
 Metaspace       used 4038K, capacity 7025K, committed 7296K, reserved 1056768K
  class space    used 469K, capacity 792K, committed 896K, reserved 1048576K
}
Event: 5.221 GC heap before
{Heap before GC invocations=1 (full 0):
 garbage-first heap   total 34816K, used 18598K [0x00000000e0e00000, 0x0000000100000000)
  region size 1024K, 18 young (18432K), 2 survivors (2048K)
 Metaspace       used 5971K, capacity 8330K, committed 8448K, reserved 1056768K
  class space    used 720K, capacity 990K, committed 1024K, reserved 1048576K
}
Event: 5.271 GC heap after
{Heap after GC invocations=2 (full 0):
 garbage-first heap   total 34816K, used 4067K [0x00000000e0e00000, 0x0000000100000000)
  region size 1024K, 1 young (1024K), 1 survivors (1024K)
 Metaspace       used 5971K, capacity 8330K, committed 8448K, reserved 1056768K
  class space    used 720K, capacity 990K, committed 1024K, reserved 1048576K
}
Event: 6.403 GC heap before
{Heap before GC invocations=2 (full 0):
 garbage-first heap   total 34816K, used 19427K [0x00000000e0e00000, 0x0000000100000000)
  region size 1024K, 16 young (16384K), 1 survivors (1024K)
 Metaspace       used 8443K, capacity 10666K, committed 10880K, reserved 1058816K
  class space    used 1034K, capacity 1321K, committed 1408K, reserved 1048576K
}
Event: 6.411 GC heap after
{Heap after GC invocations=3 (full 0):
 garbage-first heap   total 34816K, used 4647K [0x00000000e0e00000, 0x0000000100000000)
  region size 1024K, 2 young (2048K), 2 survivors (2048K)
 Metaspace       used 8443K, capacity 10666K, committed 10880K, reserved 1058816K
  class space    used 1034K, capacity 1321K, committed 1408K, reserved 1048576K
}
Event: 8.496 GC heap before
{Heap before GC invocations=3 (full 0):
 garbage-first heap   total 34816K, used 20007K [0x00000000e0e00000, 0x0000000100000000)
  region size 1024K, 17 young (17408K), 2 survivors (2048K)
 Metaspace       used 10895K, capacity 12966K, committed 13184K, reserved 1060864K
  class space    used 1336K, capacity 1614K, committed 1664K, reserved 1048576K
}

